# JRE version: OpenJDK Runtime Environment (11.0.5+10) (build 11.0.5+10-b520.38)
# Java VM: OpenJDK 64-Bit Server VM (11.0.5+10-b520.38, mixed mode, tiered, compressed oops, g1 gc, linux-amd64)
Heap:
 garbage-first heap   total 192512K, used 9540K [0x0000000745a00000, 0x0000000800000000)
  region size 1024K, 8 young (8192K), 4 survivors (4096K)
 Metaspace       used 23323K, capacity 24056K, committed 24320K, reserved 1071104K
  class space    used 2524K, capacity 2816K, committed 2816K, reserved 1048576K
GC Heap History (6 events):
Event: 1,014 GC heap before
{Heap before GC invocations=0 (full 0):
 garbage-first heap   total 192512K, used 13312K [0x0000000745a00000, 0x0000000800000000)
  region size 1024K, 14 young (14336K), 0 survivors (0K)
 Metaspace       used 13822K, capacity 14355K, committed 14592K, reserved 1062912K
  class space    used 1442K, capacity 1691K, committed 1792K, reserved 1048576K
}
Event: 1,037 GC heap after
{Heap after GC invocations=1 (full 0):
 garbage-first heap   total 192512K, used 3269K [0x0000000745a00000, 0x0000000800000000)
  region size 1024K, 2 young (2048K), 2 survivors (2048K)
 Metaspace       used 13822K, capacity 14355K, committed 14592K, reserved 1062912K
  class space    used 1442K, capacity 1691K, committed 1792K, reserved 1048576K
}
Event: 1,261 GC heap before
{Heap before GC invocations=1 (full 0):
 garbage-first heap   total 192512K, used 10437K [0x0000000745a00000, 0x0000000800000000)
  region size 1024K, 9 young (9216K), 2 survivors (2048K)
 Metaspace       used 15096K, capacity 15648K, committed 16000K, reserved 1062912K
  class space    used 1557K, capacity 1801K, committed 1920K, reserved 1048576K
}
Event: 1,267 GC heap after
{Heap after GC invocations=2 (full 0):
 garbage-first heap   total 192512K, used 4952K [0x0000000745a00000, 0x0000000800000000)
  region size 1024K, 2 young (2048K), 2 survivors (2048K)
 Metaspace       used 15096K, capacity 15648K, committed 16000K, reserved 1062912K
  class space    used 1557K, capacity 1801K, committed 1920K, reserved 1048576K
}
Event: 1,751 GC heap before
{Heap before GC invocations=2 (full 0):
 garbage-first heap   total 192512K, used 22360K [0x0000000745a00000, 0x0000000800000000)
  region size 1024K, 20 young (20480K), 2 survivors (2048K)
 Metaspace       used 20379K, capacity 20966K, committed 21248K, reserved 1069056K
  class space    used 2206K, capacity 2470K, committed 2560K, reserved 1048576K
}
Event: 1,755 GC heap after
{Heap after GC invocations=3 (full 0):
 garbage-first heap   total 192512K, used 6468K [0x0000000745a00000, 0x0000000800000000)
  region size 1024K, 4 young (4096K), 4 survivors (4096K)
 Metaspace       used 20379K, capacity 20966K, committed 21248K, reserved 1069056K
  class space    used 2206K, capacity 2470K, committed 2560K, reserved 1048576K
}

