# JRE version: OpenJDK Runtime Environment (11.0.5+10) (build 11.0.5+10-b520.38)
# Java VM: OpenJDK 64-Bit Server VM (11.0.5+10-b520.38, mixed mode, tiered, compressed oops, g1 gc, linux-amd64)
Heap:
 garbage-first heap   total 192512K, used 9611K [0x0000000745a00000, 0x0000000800000000)
  region size 1024K, 9 young (9216K), 4 survivors (4096K)
 Metaspace       used 22170K, capacity 22778K, committed 23036K, reserved 1069056K
  class space    used 2357K, capacity 2612K, committed 2688K, reserved 1048576K
GC Heap History (6 events):
Event: 1,109 GC heap before
{Heap before GC invocations=0 (full 0):
 garbage-first heap   total 192512K, used 14336K [0x0000000745a00000, 0x0000000800000000)
  region size 1024K, 14 young (14336K), 0 survivors (0K)
 Metaspace       used 12638K, capacity 13101K, committed 13312K, reserved 1060864K
  class space    used 1245K, capacity 1439K, committed 1536K, reserved 1048576K
}
Event: 1,125 GC heap after
{Heap after GC invocations=1 (full 0):
 garbage-first heap   total 192512K, used 3375K [0x0000000745a00000, 0x0000000800000000)
  region size 1024K, 2 young (2048K), 2 survivors (2048K)
 Metaspace       used 12638K, capacity 13101K, committed 13312K, reserved 1060864K
  class space    used 1245K, capacity 1439K, committed 1536K, reserved 1048576K
}
Event: 1,351 GC heap before
{Heap before GC invocations=1 (full 0):
 garbage-first heap   total 192512K, used 10543K [0x0000000745a00000, 0x0000000800000000)
  region size 1024K, 9 young (9216K), 2 survivors (2048K)
 Metaspace       used 15013K, capacity 15487K, committed 15616K, reserved 1062912K
  class space    used 1522K, capacity 1734K, committed 1792K, reserved 1048576K
}
Event: 1,355 GC heap after
{Heap after GC invocations=2 (full 0):
 garbage-first heap   total 192512K, used 5104K [0x0000000745a00000, 0x0000000800000000)
  region size 1024K, 2 young (2048K), 2 survivors (2048K)
 Metaspace       used 15013K, capacity 15487K, committed 15616K, reserved 1062912K
  class space    used 1522K, capacity 1734K, committed 1792K, reserved 1048576K
}
Event: 1,689 GC heap before
{Heap before GC invocations=2 (full 0):
 garbage-first heap   total 192512K, used 26608K [0x0000000745a00000, 0x0000000800000000)
  region size 1024K, 25 young (25600K), 2 survivors (2048K)
 Metaspace       used 20412K, capacity 21028K, committed 21296K, reserved 1069056K
  class space    used 2166K, capacity 2413K, committed 2432K, reserved 1048576K
}
Event: 1,694 GC heap after
{Heap after GC invocations=3 (full 0):
 garbage-first heap   total 192512K, used 6539K [0x0000000745a00000, 0x0000000800000000)
  region size 1024K, 4 young (4096K), 4 survivors (4096K)
 Metaspace       used 20412K, capacity 21028K, committed 21296K, reserved 1069056K
  class space    used 2166K, capacity 2413K, committed 2432K, reserved 1048576K
}

